# JRE version: Java(TM) SE Runtime Environment (8.0_281-b09) (build 1.8.0_281-b09)
# Java VM: Java HotSpot(TM) 64-Bit Server VM (25.281-b09 mixed mode windows-amd64 compressed oops)
Heap:
 PSYoungGen      total 263168K, used 162465K [0x0000000780980000, 0x0000000792600000, 0x00000007c0000000)
  eden space 249344K, 65% used [0x0000000780980000,0x000000078a828620,0x000000078fd00000)
  from space 13824K, 0% used [0x0000000790a80000,0x0000000790a80000,0x0000000791800000)
  to   space 13824K, 0% used [0x000000078fd00000,0x000000078fd00000,0x0000000790a80000)
 ParOldGen       total 124416K, used 20738K [0x0000000701c00000, 0x0000000709580000, 0x0000000780980000)
  object space 124416K, 16% used [0x0000000701c00000,0x00000007030409d0,0x0000000709580000)
 Metaspace       used 62178K, capacity 66024K, committed 66264K, reserved 1105920K
  class space    used 8461K, capacity 9100K, committed 9216K, reserved 1048576K
GC Heap History (10 events):
Event: 9.551 GC heap before
{Heap before GC invocations=13 (full 2):
 PSYoungGen      total 183296K, used 173056K [0x0000000780980000, 0x000000078c880000, 0x00000007c0000000)
  eden space 173056K, 100% used [0x0000000780980000,0x000000078b280000,0x000000078b280000)
  from space 10240K, 0% used [0x000000078bc80000,0x000000078bc80000,0x000000078c680000)
  to   space 10240K, 0% used [0x000000078b280000,0x000000078b280000,0x000000078bc80000)
 ParOldGen       total 124416K, used 11569K [0x0000000701c00000, 0x0000000709580000, 0x0000000780980000)
  object space 124416K, 9% used [0x0000000701c00000,0x000000070274c5a8,0x0000000709580000)
 Metaspace       used 39774K, capacity 42622K, committed 42840K, reserved 1087488K
  class space    used 5173K, capacity 5645K, committed 5760K, reserved 1048576K
Event: 9.561 GC heap after
Heap after GC invocations=13 (full 2):
 PSYoungGen      total 183296K, used 9410K [0x0000000780980000, 0x000000078ed00000, 0x00000007c0000000)
  eden space 173056K, 0% used [0x0000000780980000,0x0000000780980000,0x000000078b280000)
  from space 10240K, 91% used [0x000000078b280000,0x000000078bbb0950,0x000000078bc80000)
  to   space 11264K, 0% used [0x000000078e200000,0x000000078e200000,0x000000078ed00000)
 ParOldGen       total 124416K, used 11577K [0x0000000701c00000, 0x0000000709580000, 0x0000000780980000)
  object space 124416K, 9% used [0x0000000701c00000,0x000000070274e5a8,0x0000000709580000)
 Metaspace       used 39774K, capacity 42622K, committed 42840K, reserved 1087488K
  class space    used 5173K, capacity 5645K, committed 5760K, reserved 1048576K
}
Event: 10.791 GC heap before
{Heap before GC invocations=14 (full 2):
 PSYoungGen      total 183296K, used 182466K [0x0000000780980000, 0x000000078ed00000, 0x00000007c0000000)
  eden space 173056K, 100% used [0x0000000780980000,0x000000078b280000,0x000000078b280000)
  from space 10240K, 91% used [0x000000078b280000,0x000000078bbb0950,0x000000078bc80000)
  to   space 11264K, 0% used [0x000000078e200000,0x000000078e200000,0x000000078ed00000)
 ParOldGen       total 124416K, used 11577K [0x0000000701c00000, 0x0000000709580000, 0x0000000780980000)
  object space 124416K, 9% used [0x0000000701c00000,0x000000070274e5a8,0x0000000709580000)
 Metaspace       used 46726K, capacity 49772K, committed 50008K, reserved 1093632K
  class space    used 6218K, capacity 6740K, committed 6784K, reserved 1048576K
Event: 10.802 GC heap after
Heap after GC invocations=14 (full 2):
 PSYoungGen      total 219648K, used 11234K [0x0000000780980000, 0x000000078ef00000, 0x00000007c0000000)
  eden space 208384K, 0% used [0x0000000780980000,0x0000000780980000,0x000000078d500000)
  from space 11264K, 99% used [0x000000078e200000,0x000000078ecf8858,0x000000078ed00000)
  to   space 13312K, 0% used [0x000000078d500000,0x000000078d500000,0x000000078e200000)
 ParOldGen       total 124416K, used 12518K [0x0000000701c00000, 0x0000000709580000, 0x0000000780980000)
  object space 124416K, 10% used [0x0000000701c00000,0x00000007028398d8,0x0000000709580000)
 Metaspace       used 46726K, capacity 49772K, committed 50008K, reserved 1093632K
  class space    used 6218K, capacity 6740K, committed 6784K, reserved 1048576K
}
Event: 12.175 GC heap before
{Heap before GC invocations=15 (full 2):
 PSYoungGen      total 219648K, used 219618K [0x0000000780980000, 0x000000078ef00000, 0x00000007c0000000)
  eden space 208384K, 100% used [0x0000000780980000,0x000000078d500000,0x000000078d500000)
  from space 11264K, 99% used [0x000000078e200000,0x000000078ecf8858,0x000000078ed00000)
  to   space 13312K, 0% used [0x000000078d500000,0x000000078d500000,0x000000078e200000)
 ParOldGen       total 124416K, used 12518K [0x0000000701c00000, 0x0000000709580000, 0x0000000780980000)
  object space 124416K, 10% used [0x0000000701c00000,0x00000007028398d8,0x0000000709580000)
 Metaspace       used 55388K, capacity 58544K, committed 58840K, reserved 1099776K
  class space    used 7516K, capacity 8086K, committed 8192K, reserved 1048576K
Event: 12.189 GC heap after
Heap after GC invocations=15 (full 2):
 PSYoungGen      total 221696K, used 10158K [0x0000000780980000, 0x0000000791800000, 0x00000007c0000000)
  eden space 208384K, 0% used [0x0000000780980000,0x0000000780980000,0x000000078d500000)
  from space 13312K, 76% used [0x000000078d500000,0x000000078deebb08,0x000000078e200000)
  to   space 13824K, 0% used [0x0000000790a80000,0x0000000790a80000,0x0000000791800000)
 ParOldGen       total 124416K, used 18930K [0x0000000701c00000, 0x0000000709580000, 0x0000000780980000)
  object space 124416K, 15% used [0x0000000701c00000,0x0000000702e7c828,0x0000000709580000)
 Metaspace       used 55388K, capacity 58544K, committed 58840K, reserved 1099776K
  class space    used 7516K, capacity 8086K, committed 8192K, reserved 1048576K
}
Event: 12.274 GC heap before
{Heap before GC invocations=16 (full 2):
 PSYoungGen      total 221696K, used 24840K [0x0000000780980000, 0x0000000791800000, 0x00000007c0000000)
  eden space 208384K, 7% used [0x0000000780980000,0x00000007817d6598,0x000000078d500000)
  from space 13312K, 76% used [0x000000078d500000,0x000000078deebb08,0x000000078e200000)
  to   space 13824K, 0% used [0x0000000790a80000,0x0000000790a80000,0x0000000791800000)
 ParOldGen       total 124416K, used 18930K [0x0000000701c00000, 0x0000000709580000, 0x0000000780980000)
  object space 124416K, 15% used [0x0000000701c00000,0x0000000702e7c828,0x0000000709580000)
 Metaspace       used 55809K, capacity 58946K, committed 59028K, reserved 1099776K
  class space    used 7590K, capacity 8153K, committed 8192K, reserved 1048576K
Event: 12.278 GC heap after
Heap after GC invocations=16 (full 2):
 PSYoungGen      total 263168K, used 3966K [0x0000000780980000, 0x0000000792600000, 0x00000007c0000000)
  eden space 249344K, 0% used [0x0000000780980000,0x0000000780980000,0x000000078fd00000)
  from space 13824K, 28% used [0x0000000790a80000,0x0000000790e5f8f0,0x0000000791800000)
  to   space 13824K, 0% used [0x000000078fd00000,0x000000078fd00000,0x0000000790a80000)
 ParOldGen       total 124416K, used 18938K [0x0000000701c00000, 0x0000000709580000, 0x0000000780980000)
  object space 124416K, 15% used [0x0000000701c00000,0x0000000702e7e828,0x0000000709580000)
 Metaspace       used 55809K, capacity 58946K, committed 59028K, reserved 1099776K
  class space    used 7590K, capacity 8153K, committed 8192K, reserved 1048576K
}
Event: 12.278 GC heap before
{Heap before GC invocations=17 (full 3):
 PSYoungGen      total 263168K, used 3966K [0x0000000780980000, 0x0000000792600000, 0x00000007c0000000)
  eden space 249344K, 0% used [0x0000000780980000,0x0000000780980000,0x000000078fd00000)
  from space 13824K, 28% used [0x0000000790a80000,0x0000000790e5f8f0,0x0000000791800000)
  to   space 13824K, 0% used [0x000000078fd00000,0x000000078fd00000,0x0000000790a80000)
 ParOldGen       total 124416K, used 18938K [0x0000000701c00000, 0x0000000709580000, 0x0000000780980000)
  object space 124416K, 15% used [0x0000000701c00000,0x0000000702e7e828,0x0000000709580000)
 Metaspace       used 55809K, capacity 58946K, committed 59028K, reserved 1099776K
  class space    used 7590K, capacity 8153K, committed 8192K, reserved 1048576K
Event: 12.438 GC heap after
Heap after GC invocations=17 (full 3):
 PSYoungGen      total 263168K, used 0K [0x0000000780980000, 0x0000000792600000, 0x00000007c0000000)
  eden space 249344K, 0% used [0x0000000780980000,0x0000000780980000,0x000000078fd00000)
  from space 13824K, 0% used [0x0000000790a80000,0x0000000790a80000,0x0000000791800000)
  to   space 13824K, 0% used [0x000000078fd00000,0x000000078fd00000,0x0000000790a80000)
 ParOldGen       total 124416K, used 20738K [0x0000000701c00000, 0x0000000709580000, 0x0000000780980000)
  object space 124416K, 16% used [0x0000000701c00000,0x00000007030409d0,0x0000000709580000)
 Metaspace       used 55809K, capacity 58946K, committed 59028K, reserved 1099776K
  class space    used 7590K, capacity 8153K, committed 8192K, reserved 1048576K
}

